<?xml version="1.0" encoding="UTF-8"?>
<testng-results skipped="0" failed="0" ignored="0" total="1" passed="1">
  <reporter-output>
    <line>
      <![CDATA[STEP1]]>
    </line>
    <line>
      <![CDATA[STEP2]]>
    </line>
    <line>
      <![CDATA[STEP3]]>
    </line>
    <line>
      <![CDATA[STEP4]]>
    </line>
    <line>
      <![CDATA[STEP5]]>
    </line>
    <line>
      <![CDATA[STEP6]]>
    </line>
    <line>
      <![CDATA[STEP7]]>
    </line>
    <line>
      <![CDATA[STEP8]]>
    </line>
    <line>
      <![CDATA[STEP9]]>
    </line>
    <line>
      <![CDATA[STEP10]]>
    </line>
    <line>
      <![CDATA[STEP11]]>
    </line>
    <line>
      <![CDATA[STEP12]]>
    </line>
    <line>
      <![CDATA[STEP13]]>
    </line>
    <line>
      <![CDATA[STEP14]]>
    </line>
    <line>
      <![CDATA[STEP15]]>
    </line>
    <line>
      <![CDATA[STEP16]]>
    </line>
    <line>
      <![CDATA[STEP17]]>
    </line>
    <line>
      <![CDATA[STEP18]]>
    </line>
    <line>
      <![CDATA[STEP19]]>
    </line>
  </reporter-output>
  <suite name="Default suite" duration-ms="41957" started-at="2020-07-06T16:25:44 IST" finished-at="2020-07-06T16:26:26 IST">
    <groups>
    </groups>
    <test name="Default test" duration-ms="41957" started-at="2020-07-06T16:25:44 IST" finished-at="2020-07-06T16:26:26 IST">
      <class name="com.clearcode.testsuite.RETC_078">
        <test-method status="PASS" signature="launch()[pri:0, instance:com.clearcode.testsuite.RETC_078@d44fc21]" name="launch" is-config="true" duration-ms="8888" started-at="2020-07-06T16:25:44 IST" finished-at="2020-07-06T16:25:53 IST">
          <reporter-output>
            <line>
              <![CDATA[STEP1]]>
            </line>
          </reporter-output>
        </test-method> <!-- launch -->
        <test-method status="PASS" signature="loadUrl()[pri:0, instance:com.clearcode.testsuite.RETC_078@d44fc21]" name="loadUrl" is-config="true" duration-ms="11485" started-at="2020-07-06T16:25:54 IST" finished-at="2020-07-06T16:26:05 IST">
          <reporter-output>
            <line>
              <![CDATA[STEP2]]>
            </line>
            <line>
              <![CDATA[STEP3]]>
            </line>
          </reporter-output>
        </test-method> <!-- loadUrl -->
        <test-method status="PASS" signature="searchPatient(java.lang.String, java.lang.String, java.lang.String, java.lang.String, java.lang.String, java.lang.String, java.lang.String, java.lang.String, java.lang.String, java.lang.String)[pri:0, instance:com.clearcode.testsuite.RETC_078@d44fc21]" name="searchPatient" duration-ms="19340" started-at="2020-07-06T16:26:05 IST" data-provider="CreateUser" finished-at="2020-07-06T16:26:25 IST">
          <params>
            <param index="0">
              <value>
                <![CDATA[admin]]>
              </value>
            </param>
            <param index="1">
              <value>
                <![CDATA[admin@123]]>
              </value>
            </param>
            <param index="2">
              <value>
                <![CDATA[SillyLilly]]>
              </value>
            </param>
            <param index="3">
              <value>
                <![CDATA[Silly@gmail.com]]>
              </value>
            </param>
            <param index="4">
              <value>
                <![CDATA[SillyLilly]]>
              </value>
            </param>
            <param index="5">
              <value>
                <![CDATA[SillyLilly]]>
              </value>
            </param>
            <param index="6">
              <value>
                <![CDATA[SillyLilly.com]]>
              </value>
            </param>
            <param index="7">
              <value>
                <![CDATA[SillyLilly123.com]]>
              </value>
            </param>
            <param index="8">
              <value>
                <![CDATA[agent]]>
              </value>
            </param>
            <param index="9">
              <value>
                <![CDATA[ERROR]]>
              </value>
            </param>
          </params>
          <reporter-output>
            <line>
              <![CDATA[STEP4]]>
            </line>
            <line>
              <![CDATA[STEP5]]>
            </line>
            <line>
              <![CDATA[STEP6]]>
            </line>
            <line>
              <![CDATA[STEP7]]>
            </line>
            <line>
              <![CDATA[STEP8]]>
            </line>
            <line>
              <![CDATA[STEP9]]>
            </line>
            <line>
              <![CDATA[STEP10]]>
            </line>
            <line>
              <![CDATA[STEP11]]>
            </line>
            <line>
              <![CDATA[STEP12]]>
            </line>
            <line>
              <![CDATA[STEP13]]>
            </line>
            <line>
              <![CDATA[STEP14]]>
            </line>
            <line>
              <![CDATA[STEP15]]>
            </line>
            <line>
              <![CDATA[STEP16]]>
            </line>
            <line>
              <![CDATA[STEP17]]>
            </line>
            <line>
              <![CDATA[STEP18]]>
            </line>
          </reporter-output>
        </test-method> <!-- searchPatient -->
        <test-method status="PASS" signature="close()[pri:0, instance:com.clearcode.testsuite.RETC_078@d44fc21]" name="close" is-config="true" duration-ms="1385" started-at="2020-07-06T16:26:25 IST" finished-at="2020-07-06T16:26:26 IST">
          <reporter-output>
            <line>
              <![CDATA[STEP19]]>
            </line>
          </reporter-output>
        </test-method> <!-- close -->
      </class> <!-- com.clearcode.testsuite.RETC_078 -->
    </test> <!-- Default test -->
  </suite> <!-- Default suite -->
</testng-results>
