<?xml version="1.0" encoding="UTF-8"?>
<testng-results skipped="0" failed="0" ignored="0" total="1" passed="1">
  <reporter-output>
    <line>
      <![CDATA[STEP1]]>
    </line>
    <line>
      <![CDATA[STEP2]]>
    </line>
    <line>
      <![CDATA[STEP3]]>
    </line>
    <line>
      <![CDATA[STEP4]]>
    </line>
    <line>
      <![CDATA[STEP5]]>
    </line>
    <line>
      <![CDATA[STEP6]]>
    </line>
    <line>
      <![CDATA[STEP7]]>
    </line>
    <line>
      <![CDATA[STEP8]]>
    </line>
    <line>
      <![CDATA[STEP9]]>
    </line>
    <line>
      <![CDATA[STEP10]]>
    </line>
    <line>
      <![CDATA[STEP11]]>
    </line>
    <line>
      <![CDATA[STEP12]]>
    </line>
    <line>
      <![CDATA[STEP13]]>
    </line>
    <line>
      <![CDATA[STEP14]]>
    </line>
  </reporter-output>
  <suite name="Default suite" duration-ms="72469" started-at="2020-07-07T02:06:57 IST" finished-at="2020-07-07T02:08:10 IST">
    <groups>
    </groups>
    <test name="Default test" duration-ms="72469" started-at="2020-07-07T02:06:57 IST" finished-at="2020-07-07T02:08:10 IST">
      <class name="com.clearcode.testsuite.RETC_079">
        <test-method status="PASS" signature="launch()[pri:0, instance:com.clearcode.testsuite.RETC_079@d44fc21]" name="launch" is-config="true" duration-ms="13685" started-at="2020-07-07T02:06:57 IST" finished-at="2020-07-07T02:07:11 IST">
          <reporter-output>
            <line>
              <![CDATA[STEP1]]>
            </line>
          </reporter-output>
        </test-method> <!-- launch -->
        <test-method status="PASS" signature="loadUrl()[pri:0, instance:com.clearcode.testsuite.RETC_079@d44fc21]" name="loadUrl" is-config="true" duration-ms="14483" started-at="2020-07-07T02:07:12 IST" finished-at="2020-07-07T02:07:27 IST">
          <reporter-output>
            <line>
              <![CDATA[STEP2]]>
            </line>
            <line>
              <![CDATA[STEP3]]>
            </line>
          </reporter-output>
        </test-method> <!-- loadUrl -->
        <test-method status="PASS" signature="AddNwFeature(java.lang.String, java.lang.String, java.lang.String, java.lang.String, java.lang.String, java.lang.String, java.lang.String, java.lang.String, java.lang.String, java.lang.String)[pri:0, instance:com.clearcode.testsuite.RETC_079@d44fc21]" name="AddNwFeature" duration-ms="40277" started-at="2020-07-07T02:07:27 IST" data-provider="AddNewFeature" finished-at="2020-07-07T02:08:07 IST">
          <params>
            <param index="0">
              <value>
                <![CDATA[admin]]>
              </value>
            </param>
            <param index="1">
              <value>
                <![CDATA[admin@123]]>
              </value>
            </param>
            <param index="2">
              <value>
                <![CDATA[name]]>
              </value>
            </param>
            <param index="3">
              <value>
                <![CDATA[Silly]]>
              </value>
            </param>
            <param index="4">
              <value>
                <![CDATA[1366]]>
              </value>
            </param>
            <param index="5">
              <value>
                <![CDATA[ajgfkjadjkL]]>
              </value>
            </param>
            <param index="6">
              <value>
                <![CDATA[]]>
              </value>
            </param>
            <param index="7">
              <value>
                <![CDATA[]]>
              </value>
            </param>
            <param index="8">
              <value>
                <![CDATA[]]>
              </value>
            </param>
            <param index="9">
              <value>
                <![CDATA[]]>
              </value>
            </param>
          </params>
          <reporter-output>
            <line>
              <![CDATA[STEP4]]>
            </line>
            <line>
              <![CDATA[STEP5]]>
            </line>
            <line>
              <![CDATA[STEP6]]>
            </line>
            <line>
              <![CDATA[STEP7]]>
            </line>
            <line>
              <![CDATA[STEP8]]>
            </line>
            <line>
              <![CDATA[STEP9]]>
            </line>
            <line>
              <![CDATA[STEP10]]>
            </line>
            <line>
              <![CDATA[STEP11]]>
            </line>
            <line>
              <![CDATA[STEP12]]>
            </line>
            <line>
              <![CDATA[STEP13]]>
            </line>
          </reporter-output>
        </test-method> <!-- AddNwFeature -->
        <test-method status="PASS" signature="close()[pri:0, instance:com.clearcode.testsuite.RETC_079@d44fc21]" name="close" is-config="true" duration-ms="2781" started-at="2020-07-07T02:08:07 IST" finished-at="2020-07-07T02:08:10 IST">
          <reporter-output>
            <line>
              <![CDATA[STEP14]]>
            </line>
          </reporter-output>
        </test-method> <!-- close -->
      </class> <!-- com.clearcode.testsuite.RETC_079 -->
    </test> <!-- Default test -->
  </suite> <!-- Default suite -->
</testng-results>
